<?xml version="1.0" encoding="UTF-8"?>
<testsuite name="com.nur.command.commend.list.GetListCommendHandlerTest" tests="2" skipped="0" failures="0" errors="0" timestamp="2024-01-05T19:17:48" hostname="31T105P61" time="0.049">
  <properties/>
  <testcase name="testGetAllException()" classname="com.nur.command.commend.list.GetListCommendHandlerTest" time="0.005"/>
  <testcase name="testGetAll()" classname="com.nur.command.commend.list.GetListCommendHandlerTest" time="0.043"/>
  <system-out><![CDATA[]]></system-out>
  <system-err><![CDATA[]]></system-err>
</testsuite>
