<?xml version="1.0" encoding="UTF-8"?>
<testsuite name="com.nur.command.person.list.GetListPersonsHandlerTest" tests="2" skipped="0" failures="0" errors="0" timestamp="2024-01-05T19:17:48" hostname="31T105P61" time="0.01">
  <properties/>
  <testcase name="testGetAllException()" classname="com.nur.command.person.list.GetListPersonsHandlerTest" time="0.006"/>
  <testcase name="testGetAllPersonsHandler()" classname="com.nur.command.person.list.GetListPersonsHandlerTest" time="0.003"/>
  <system-out><![CDATA[]]></system-out>
  <system-err><![CDATA[]]></system-err>
</testsuite>
