<?xml version="1.0" encoding="UTF-8"?>
<testsuite name="com.nur.controllers.UserControllersTest" tests="3" skipped="0" failures="0" errors="0" timestamp="2024-01-05T19:19:21" hostname="31T105P61" time="0.033">
  <properties/>
  <testcase name="testGetUserController()" classname="com.nur.controllers.UserControllersTest" time="0.016"/>
  <testcase name="testControllerCreateUser()" classname="com.nur.controllers.UserControllersTest" time="0.004"/>
  <testcase name="testGetAll()" classname="com.nur.controllers.UserControllersTest" time="0.004"/>
  <system-out><![CDATA[]]></system-out>
  <system-err><![CDATA[]]></system-err>
</testsuite>
