<?xml version="1.0" encoding="UTF-8"?>
<testsuite name="com.nur.controllers.CommendControllerTest" tests="3" skipped="0" failures="0" errors="0" timestamp="2024-01-05T20:18:10" hostname="31T105P61" time="0.925">
  <properties/>
  <testcase name="testControllerCreate()" classname="com.nur.controllers.CommendControllerTest" time="0.911"/>
  <testcase name="testControllerGetAll()" classname="com.nur.controllers.CommendControllerTest" time="0.005"/>
  <testcase name="testControllerGetById()" classname="com.nur.controllers.CommendControllerTest" time="0.005"/>
  <system-out><![CDATA[]]></system-out>
  <system-err><![CDATA[]]></system-err>
</testsuite>
