<?xml version="1.0" encoding="UTF-8"?>
<testsuite name="com.nur.controllers.PersonsControllerTest" tests="3" skipped="0" failures="0" errors="0" timestamp="2024-01-05T19:19:21" hostname="31T105P61" time="0.019">
  <properties/>
  <testcase name="testControllerGetPersonById()" classname="com.nur.controllers.PersonsControllerTest" time="0.009"/>
  <testcase name="testControllerGetListPersons()" classname="com.nur.controllers.PersonsControllerTest" time="0.004"/>
  <testcase name="testControllerCreatePerson()" classname="com.nur.controllers.PersonsControllerTest" time="0.003"/>
  <system-out><![CDATA[]]></system-out>
  <system-err><![CDATA[]]></system-err>
</testsuite>
