<?xml version="1.0" encoding="UTF-8"?>
<testsuite name="com.nur.model.PersonasTest" tests="2" skipped="0" failures="0" errors="0" timestamp="2024-01-05T19:19:28" hostname="31T105P61" time="0.003">
  <properties/>
  <testcase name="testPersonEmptyCreate()" classname="com.nur.model.PersonasTest" time="0.001"/>
  <testcase name="testPersonsCreate()" classname="com.nur.model.PersonasTest" time="0.001"/>
  <system-out><![CDATA[]]></system-out>
  <system-err><![CDATA[]]></system-err>
</testsuite>
