<?xml version="1.0" encoding="UTF-8"?>
<testsuite name="com.nur.model.ConversacionTest" tests="3" skipped="0" failures="0" errors="0" timestamp="2024-01-07T13:39:23" hostname="DESKTOP-B9MAGP3" time="0.016">
  <properties/>
  <testcase name="testException()" classname="com.nur.model.ConversacionTest" time="0.006"/>
  <testcase name="testDeprecatedConversation()" classname="com.nur.model.ConversacionTest" time="0.004"/>
  <testcase name="testCheckCreate()" classname="com.nur.model.ConversacionTest" time="0.002"/>
  <system-out><![CDATA[]]></system-out>
  <system-err><![CDATA[]]></system-err>
</testsuite>
