<?xml version="1.0" encoding="UTF-8"?>
<testsuite name="com.nur.valueObjects.EmailValueObjectTest" tests="3" skipped="0" failures="0" errors="0" timestamp="2024-01-07T13:39:24" hostname="DESKTOP-B9MAGP3" time="0.014">
  <properties/>
  <testcase name="testInvalidCreationEmailValue()" classname="com.nur.valueObjects.EmailValueObjectTest" time="0.003"/>
  <testcase name="testCreationEmailValueObject()" classname="com.nur.valueObjects.EmailValueObjectTest" time="0.001"/>
  <testcase name="testInvalidCreationEmailValueNull()" classname="com.nur.valueObjects.EmailValueObjectTest" time="0.007"/>
  <system-out><![CDATA[]]></system-out>
  <system-err><![CDATA[]]></system-err>
</testsuite>
