<?xml version="1.0" encoding="UTF-8"?>
<testsuite name="com.nur.model.ConversacionTest" tests="3" skipped="0" failures="0" errors="0" timestamp="2024-01-05T19:19:28" hostname="31T105P61" time="0.01">
  <properties/>
  <testcase name="testException()" classname="com.nur.model.ConversacionTest" time="0.004"/>
  <testcase name="testDeprecatedConversation()" classname="com.nur.model.ConversacionTest" time="0.002"/>
  <testcase name="testCheckCreate()" classname="com.nur.model.ConversacionTest" time="0.002"/>
  <system-out><![CDATA[]]></system-out>
  <system-err><![CDATA[]]></system-err>
</testsuite>
