<?xml version="1.0" encoding="UTF-8"?>
<testsuite name="com.nur.valueObjects.PasswordValueObjectTest" tests="3" skipped="0" failures="0" errors="0" timestamp="2024-01-07T13:39:24" hostname="DESKTOP-B9MAGP3" time="0.009">
  <properties/>
  <testcase name="testSecondInvalidCreationPasswordValueObject()" classname="com.nur.valueObjects.PasswordValueObjectTest" time="0.001"/>
  <testcase name="testInvalidCreationPasswordValueObject()" classname="com.nur.valueObjects.PasswordValueObjectTest" time="0.002"/>
  <testcase name="testCheckPasswordCreatingValueObject()" classname="com.nur.valueObjects.PasswordValueObjectTest" time="0.002"/>
  <system-out><![CDATA[]]></system-out>
  <system-err><![CDATA[]]></system-err>
</testsuite>
