<?xml version="1.0" encoding="UTF-8"?>
<testsuite name="com.nur.factories.persons.PersonaFactoryTest" tests="1" skipped="0" failures="0" errors="0" timestamp="2024-01-05T19:19:28" hostname="31T105P61" time="0.004">
  <properties/>
  <testcase name="testCreatePersonFactory()" classname="com.nur.factories.persons.PersonaFactoryTest" time="0.004"/>
  <system-out><![CDATA[]]></system-out>
  <system-err><![CDATA[]]></system-err>
</testsuite>
