<?xml version="1.0" encoding="UTF-8"?>
<testsuite name="com.nur.model.CommendPersonTest" tests="1" skipped="0" failures="0" errors="0" timestamp="2024-01-05T19:19:28" hostname="31T105P61" time="0.001">
  <properties/>
  <testcase name="testCheckCreateCommend()" classname="com.nur.model.CommendPersonTest" time="0.001"/>
  <system-out><![CDATA[]]></system-out>
  <system-err><![CDATA[]]></system-err>
</testsuite>
