<?xml version="1.0" encoding="UTF-8"?>
<testsuite name="com.nur.model.UsuarioTest" tests="2" skipped="0" failures="0" errors="0" timestamp="2024-01-05T19:19:28" hostname="31T105P61" time="0.005">
  <properties/>
  <testcase name="testCheckContructors()" classname="com.nur.model.UsuarioTest" time="0.002"/>
  <testcase name="testToCheckCreateUser()" classname="com.nur.model.UsuarioTest" time="0.002"/>
  <system-out><![CDATA[]]></system-out>
  <system-err><![CDATA[]]></system-err>
</testsuite>
