<?xml version="1.0" encoding="UTF-8"?>
<testsuite name="com.nur.model.PersonasTest" tests="2" skipped="0" failures="0" errors="0" timestamp="2024-01-07T13:39:24" hostname="DESKTOP-B9MAGP3" time="0.02">
  <properties/>
  <testcase name="testPersonEmptyCreate()" classname="com.nur.model.PersonasTest" time="0.006"/>
  <testcase name="testPersonsCreate()" classname="com.nur.model.PersonasTest" time="0.007"/>
  <system-out><![CDATA[]]></system-out>
  <system-err><![CDATA[]]></system-err>
</testsuite>
