<?xml version="1.0" encoding="UTF-8"?>
<testsuite name="com.nur.repositories.persons.PersonsCrudRepositoryImplTest" tests="4" skipped="0" failures="0" errors="0" timestamp="2024-01-05T19:18:13" hostname="31T105P61" time="0.628">
  <properties/>
  <testcase name="testGetById()" classname="com.nur.repositories.persons.PersonsCrudRepositoryImplTest" time="0.197"/>
  <testcase name="testGetByIdException()" classname="com.nur.repositories.persons.PersonsCrudRepositoryImplTest" time="0.005"/>
  <testcase name="testGetAll()" classname="com.nur.repositories.persons.PersonsCrudRepositoryImplTest" time="0.006"/>
  <testcase name="testUpdate()" classname="com.nur.repositories.persons.PersonsCrudRepositoryImplTest" time="0.411"/>
  <system-out><![CDATA[]]></system-out>
  <system-err><![CDATA[]]></system-err>
</testsuite>
