<?xml version="1.0" encoding="UTF-8"?>
<testsuite name="com.nur.utils.PersonsUtilsTest" tests="2" skipped="0" failures="0" errors="0" timestamp="2024-01-07T13:36:59" hostname="DESKTOP-B9MAGP3" time="0.008">
  <properties/>
  <testcase name="testCheckJpaToPerson()" classname="com.nur.utils.PersonsUtilsTest" time="0.003"/>
  <testcase name="testCheckPersonToJpaEntity()" classname="com.nur.utils.PersonsUtilsTest" time="0.001"/>
  <system-out><![CDATA[]]></system-out>
  <system-err><![CDATA[]]></system-err>
</testsuite>
