<?xml version="1.0" encoding="UTF-8"?>
<testsuite name="com.nur.repositories.commend.CommendPersonCrudRepositoryImplTest" tests="4" skipped="0" failures="0" errors="0" timestamp="2024-01-07T13:36:56" hostname="DESKTOP-B9MAGP3" time="1.11">
  <properties/>
  <testcase name="testGetById()" classname="com.nur.repositories.commend.CommendPersonCrudRepositoryImplTest" time="0.959"/>
  <testcase name="testUpdateCommendPerson()" classname="com.nur.repositories.commend.CommendPersonCrudRepositoryImplTest" time="0.041"/>
  <testcase name="testGetByIdException()" classname="com.nur.repositories.commend.CommendPersonCrudRepositoryImplTest" time="0.041"/>
  <testcase name="testGetAll()" classname="com.nur.repositories.commend.CommendPersonCrudRepositoryImplTest" time="0.04"/>
  <system-out><![CDATA[]]></system-out>
  <system-err><![CDATA[]]></system-err>
</testsuite>
