<?xml version="1.0" encoding="UTF-8"?>
<testsuite name="com.nur.model.CommendJpaModelTest" tests="1" skipped="0" failures="0" errors="0" timestamp="2024-01-05T19:18:05" hostname="31T105P61" time="0.288">
  <properties/>
  <testcase name="testCheckCreateCommendJpa()" classname="com.nur.model.CommendJpaModelTest" time="0.288"/>
  <system-out><![CDATA[]]></system-out>
  <system-err><![CDATA[]]></system-err>
</testsuite>
