<?xml version="1.0" encoding="UTF-8"?>
<testsuite name="com.nur.utils.UsersUtilsTest" tests="2" skipped="0" failures="0" errors="0" timestamp="2024-01-07T13:36:59" hostname="DESKTOP-B9MAGP3" time="0.019">
  <properties/>
  <testcase name="testCheckJpaToUser()" classname="com.nur.utils.UsersUtilsTest" time="0.006"/>
  <testcase name="testCheckPersonToJpaEntity()" classname="com.nur.utils.UsersUtilsTest" time="0.007"/>
  <system-out><![CDATA[]]></system-out>
  <system-err><![CDATA[]]></system-err>
</testsuite>
