<?xml version="1.0" encoding="UTF-8"?>
<testsuite name="com.nur.repositories.users.UserCrudRepositoryImplTest" tests="5" skipped="0" failures="0" errors="0" timestamp="2024-01-05T19:18:13" hostname="31T105P61" time="0.218">
  <properties/>
  <testcase name="testGetById()" classname="com.nur.repositories.users.UserCrudRepositoryImplTest" time="0.191"/>
  <testcase name="testGetAllException()" classname="com.nur.repositories.users.UserCrudRepositoryImplTest" time="0.005"/>
  <testcase name="testCheckGetAll()" classname="com.nur.repositories.users.UserCrudRepositoryImplTest" time="0.005"/>
  <testcase name="testCheckUpdate()" classname="com.nur.repositories.users.UserCrudRepositoryImplTest" time="0.004"/>
  <testcase name="testGetByIdException()" classname="com.nur.repositories.users.UserCrudRepositoryImplTest" time="0.008"/>
  <system-out><![CDATA[]]></system-out>
  <system-err><![CDATA[]]></system-err>
</testsuite>
