<?xml version="1.0" encoding="UTF-8"?>
<testsuite name="com.nur.repositories.persons.PersonsCrudRepositoryImplTest" tests="4" skipped="0" failures="0" errors="0" timestamp="2024-01-07T13:36:58" hostname="DESKTOP-B9MAGP3" time="1.178">
  <properties/>
  <testcase name="testGetById()" classname="com.nur.repositories.persons.PersonsCrudRepositoryImplTest" time="0.937"/>
  <testcase name="testGetByIdException()" classname="com.nur.repositories.persons.PersonsCrudRepositoryImplTest" time="0.009"/>
  <testcase name="testGetAll()" classname="com.nur.repositories.persons.PersonsCrudRepositoryImplTest" time="0.006"/>
  <testcase name="testUpdate()" classname="com.nur.repositories.persons.PersonsCrudRepositoryImplTest" time="0.218"/>
  <system-out><![CDATA[]]></system-out>
  <system-err><![CDATA[]]></system-err>
</testsuite>
