<?xml version="1.0" encoding="UTF-8"?>
<testsuite name="com.nur.utils.PersonsUtilsTest" tests="2" skipped="0" failures="0" errors="0" timestamp="2024-01-05T20:18:01" hostname="31T105P61" time="0.005">
  <properties/>
  <testcase name="testCheckJpaToPerson()" classname="com.nur.utils.PersonsUtilsTest" time="0.002"/>
  <testcase name="testCheckPersonToJpaEntity()" classname="com.nur.utils.PersonsUtilsTest" time="0.001"/>
  <system-out><![CDATA[]]></system-out>
  <system-err><![CDATA[]]></system-err>
</testsuite>
