<?xml version="1.0" encoding="UTF-8"?>
<testsuite name="com.nur.utils.CommendUtilsTest" tests="2" skipped="0" failures="0" errors="0" timestamp="2024-01-07T13:36:59" hostname="DESKTOP-B9MAGP3" time="0.005">
  <properties/>
  <testcase name="testCheckCommendToJpaEntity()" classname="com.nur.utils.CommendUtilsTest" time="0.001"/>
  <testcase name="testCheckJpaToCommend()" classname="com.nur.utils.CommendUtilsTest" time="0.001"/>
  <system-out><![CDATA[]]></system-out>
  <system-err><![CDATA[]]></system-err>
</testsuite>
