<?xml version="1.0" encoding="UTF-8"?>
<testsuite name="com.nur.repositories.commend.CommendPersonCrudRepositoryImplTest" tests="4" skipped="0" failures="0" errors="0" timestamp="2024-01-05T19:18:12" hostname="31T105P61" time="0.362">
  <properties/>
  <testcase name="testGetById()" classname="com.nur.repositories.commend.CommendPersonCrudRepositoryImplTest" time="0.34"/>
  <testcase name="testUpdateCommendPerson()" classname="com.nur.repositories.commend.CommendPersonCrudRepositoryImplTest" time="0.007"/>
  <testcase name="testGetByIdException()" classname="com.nur.repositories.commend.CommendPersonCrudRepositoryImplTest" time="0.004"/>
  <testcase name="testGetAll()" classname="com.nur.repositories.commend.CommendPersonCrudRepositoryImplTest" time="0.005"/>
  <system-out><![CDATA[]]></system-out>
  <system-err><![CDATA[]]></system-err>
</testsuite>
