<?xml version="1.0" encoding="UTF-8"?>
<testsuite name="com.nur.repositories.commend.CommendCrudRepositoryImplTest" tests="4" skipped="0" failures="0" errors="0" timestamp="2024-01-05T19:18:05" hostname="31T105P61" time="6.774">
  <properties/>
  <testcase name="testGetById()" classname="com.nur.repositories.commend.CommendCrudRepositoryImplTest" time="6.666"/>
  <testcase name="testGetByIdException()" classname="com.nur.repositories.commend.CommendCrudRepositoryImplTest" time="0.073"/>
  <testcase name="testUpdateCommend()" classname="com.nur.repositories.commend.CommendCrudRepositoryImplTest" time="0.009"/>
  <testcase name="testGetAll()" classname="com.nur.repositories.commend.CommendCrudRepositoryImplTest" time="0.019"/>
  <system-out><![CDATA[]]></system-out>
  <system-err><![CDATA[]]></system-err>
</testsuite>
