<?xml version="1.0" encoding="UTF-8"?>
<testsuite name="com.nur.repositories.users.UserCrudRepositoryImplTest" tests="5" skipped="0" failures="0" errors="0" timestamp="2024-01-07T13:36:59" hostname="DESKTOP-B9MAGP3" time="0.693">
  <properties/>
  <testcase name="testGetById()" classname="com.nur.repositories.users.UserCrudRepositoryImplTest" time="0.633"/>
  <testcase name="testGetAllException()" classname="com.nur.repositories.users.UserCrudRepositoryImplTest" time="0.008"/>
  <testcase name="testCheckGetAll()" classname="com.nur.repositories.users.UserCrudRepositoryImplTest" time="0.012"/>
  <testcase name="testCheckUpdate()" classname="com.nur.repositories.users.UserCrudRepositoryImplTest" time="0.017"/>
  <testcase name="testGetByIdException()" classname="com.nur.repositories.users.UserCrudRepositoryImplTest" time="0.007"/>
  <system-out><![CDATA[]]></system-out>
  <system-err><![CDATA[]]></system-err>
</testsuite>
