<?xml version="1.0" encoding="UTF-8"?>
<testsuite name="com.nur.repositories.commend.CommendCrudRepositoryImplTest" tests="4" skipped="0" failures="0" errors="0" timestamp="2024-01-07T13:36:47" hostname="DESKTOP-B9MAGP3" time="8.93">
  <properties/>
  <testcase name="testGetById()" classname="com.nur.repositories.commend.CommendCrudRepositoryImplTest" time="8.817"/>
  <testcase name="testGetByIdException()" classname="com.nur.repositories.commend.CommendCrudRepositoryImplTest" time="0.042"/>
  <testcase name="testUpdateCommend()" classname="com.nur.repositories.commend.CommendCrudRepositoryImplTest" time="0.01"/>
  <testcase name="testGetAll()" classname="com.nur.repositories.commend.CommendCrudRepositoryImplTest" time="0.053"/>
  <system-out><![CDATA[]]></system-out>
  <system-err><![CDATA[]]></system-err>
</testsuite>
