<?xml version="1.0" encoding="UTF-8"?>
<testsuite name="com.nur.model.CommendJpaModelTest" tests="1" skipped="0" failures="0" errors="0" timestamp="2024-01-07T13:36:47" hostname="DESKTOP-B9MAGP3" time="0.225">
  <properties/>
  <testcase name="testCheckCreateCommendJpa()" classname="com.nur.model.CommendJpaModelTest" time="0.225"/>
  <system-out><![CDATA[]]></system-out>
  <system-err><![CDATA[]]></system-err>
</testsuite>
